{"/mnt/c/Users/cmax9/documents/Developer/simetrik/components/NotShow/index.js": {"path":"/mnt/c/Users/cmax9/documents/Developer/simetrik/components/NotShow/index.js","statementMap":{"0":{"start":{"line":4,"column":16},"end":{"line":10,"column":1}},"1":{"start":{"line":5,"column":2},"end":{"line":9,"column":4}}},"fnMap":{"0":{"name":"(anonymous_0)","decl":{"start":{"line":4,"column":16},"end":{"line":4,"column":17}},"loc":{"start":{"line":4,"column":27},"end":{"line":10,"column":1}},"line":4}},"branchMap":{},"s":{"0":1,"1":1},"f":{"0":1},"b":{},"_coverageSchema":"1a1c01bbd47fc00a2c39e90264f33305004495a9","hash":"c7833e2689f7ca94cba3b14487e2ce98932ba088"}
,"/mnt/c/Users/cmax9/documents/Developer/simetrik/components/NotShow/styles.js": {"path":"/mnt/c/Users/cmax9/documents/Developer/simetrik/components/NotShow/styles.js","statementMap":{"0":{"start":{"line":3,"column":20},"end":{"line":7,"column":1}}},"fnMap":{},"branchMap":{},"s":{"0":1},"f":{},"b":{},"_coverageSchema":"1a1c01bbd47fc00a2c39e90264f33305004495a9","hash":"910fa991a6901b35c6c36286e83cb9df761c9ede"}
}
